<?xml version="1.0" encoding="UTF-8"?>
<!-- Generated by org.testng.reporters.JUnitXMLReporter -->
<testsuite ignored="0" hostname="miecio-Vostro-5470" failures="0" tests="2" name="Testes Login em backEnd" time="22.015" errors="0" timestamp="2020-10-12T14:42:51 BRT">
  <testcase classname="br.com.mantisprova.base2.login.LoginActionBackEnd" name="loginChromeBackEnd" time="8.544"/>
  <testcase classname="br.com.mantisprova.base2.login.LoginActionBackEnd" name="loginFfBackEnd" time="13.421"/>
</testsuite> <!-- Testes Login em backEnd -->
