<?xml version="1.0" encoding="UTF-8"?>
<!-- Generated by org.testng.reporters.JUnitXMLReporter -->
<testsuite ignored="0" hostname="miecio-Vostro-5470" failures="0" tests="2" name="Testes FF em backEnd" time="31.713" errors="0" timestamp="2020-10-12T14:43:35 BRT">
  <testcase classname="br.com.mantisprova.base2.actions.back.ReportIssueActionFF" name="inserirReportIssueFF" time="16.192"/>
  <testcase classname="br.com.mantisprova.base2.actions.back.ReportIssueActionFF" name="inserirReportIssueFF" time="15.506"/>
</testsuite> <!-- Testes FF em backEnd -->
