<?xml version="1.0" encoding="UTF-8"?>
<testng-results ignored="0" total="4" passed="3" failed="1" skipped="0">
  <reporter-output>
  </reporter-output>
  <suite started-at="2020-10-13T00:54:18 BRT" name="Suite_All" finished-at="2020-10-13T00:56:46 BRT" duration-ms="147256">
    <groups>
    </groups>
    <test started-at="2020-10-13T00:54:18 BRT" name="Test_All1" finished-at="2020-10-13T00:55:44 BRT" duration-ms="85291">
      <class name="br.com.mantisprova.base2.firefox.ReportIssueActionTest">
        <test-method is-config="true" signature="start()[pri:0, instance:br.com.mantisprova.base2.firefox.ReportIssueActionTest@64e7619d]" started-at="2020-10-13T00:54:56 BRT" name="start" finished-at="2020-10-13T00:54:56 BRT" duration-ms="0" status="PASS">
          <reporter-output>
          </reporter-output>
        </test-method> <!-- start -->
        <test-method signature="inserirReportIssueFF()[pri:0, instance:br.com.mantisprova.base2.firefox.ReportIssueActionTest@64e7619d]" started-at="2020-10-13T00:54:56 BRT" name="inserirReportIssueFF" finished-at="2020-10-13T00:55:44 BRT" duration-ms="47933" status="PASS">
          <reporter-output>
          </reporter-output>
        </test-method> <!-- inserirReportIssueFF -->
      </class> <!-- br.com.mantisprova.base2.firefox.ReportIssueActionTest -->
      <class name="br.com.mantisprova.base2.chrome.ReportIssueActionTest">
        <test-method is-config="true" signature="start()[pri:0, instance:br.com.mantisprova.base2.chrome.ReportIssueActionTest@5f0fd5a0]" started-at="2020-10-13T00:54:19 BRT" name="start" finished-at="2020-10-13T00:54:19 BRT" duration-ms="29" status="PASS">
          <reporter-output>
          </reporter-output>
        </test-method> <!-- start -->
        <test-method signature="inserirReportIssueCrm()[pri:0, instance:br.com.mantisprova.base2.chrome.ReportIssueActionTest@5f0fd5a0]" started-at="2020-10-13T00:54:19 BRT" name="inserirReportIssueCrm" finished-at="2020-10-13T00:54:56 BRT" duration-ms="37113" status="PASS">
          <reporter-output>
          </reporter-output>
        </test-method> <!-- inserirReportIssueCrm -->
      </class> <!-- br.com.mantisprova.base2.chrome.ReportIssueActionTest -->
    </test> <!-- Test_All1 -->
    <test started-at="2020-10-13T00:55:44 BRT" name="Test_All2" finished-at="2020-10-13T00:56:46 BRT" duration-ms="61821">
      <class name="br.com.mantisprova.base2.firefox.E2eReportIssueAction">
        <test-method is-config="true" signature="start()[pri:0, instance:br.com.mantisprova.base2.firefox.E2eReportIssueAction@13b3d178]" started-at="2020-10-13T00:56:10 BRT" name="start" finished-at="2020-10-13T00:56:10 BRT" duration-ms="1" status="PASS">
          <reporter-output>
          </reporter-output>
        </test-method> <!-- start -->
        <test-method signature="inserirReportIssue()[pri:0, instance:br.com.mantisprova.base2.firefox.E2eReportIssueAction@13b3d178]" started-at="2020-10-13T00:56:10 BRT" name="inserirReportIssue" finished-at="2020-10-13T00:56:46 BRT" duration-ms="35645" status="FAIL">
          <exception class="org.openqa.selenium.TimeoutException">
            <message>
              <![CDATA[Timeout loading page after 2000ms
Build info: version: '3.141.59', revision: 'e82be7d358', time: '2018-11-14T08:25:53'
System info: host: 'miecio-Vostro-5470', ip: '127.0.1.1', os.name: 'Linux', os.arch: 'amd64', os.version: '5.4.0-48-generic', java.version: '11.0.8'
Driver info: org.openqa.selenium.firefox.FirefoxDriver
Capabilities {acceptInsecureCerts: true, browserName: firefox, browserVersion: 81.0, javascriptEnabled: true, moz:accessibilityChecks: false, moz:buildID: 20200917005511, moz:geckodriverVersion: 0.27.0, moz:headless: false, moz:processID: 444619, moz:profile: /tmp/rust_mozprofileTjLg85, moz:shutdownTimeout: 60000, moz:useNonSpecCompliantPointerOrigin: false, moz:webdriverClick: true, pageLoadStrategy: normal, platform: LINUX, platformName: LINUX, platformVersion: 5.4.0-48-generic, rotatable: false, setWindowRect: true, strictFileInteractability: false, timeouts: {implicit: 0, pageLoad: 300000, script: 30000}, unhandledPromptBehavior: dismiss and notify}
Session ID: c2ecb3e7-36fb-4bb8-a2cf-e28f82ccfe7c]]>
            </message>
            <full-stacktrace>
              <![CDATA[org.openqa.selenium.TimeoutException: Timeout loading page after 2000ms
Build info: version: '3.141.59', revision: 'e82be7d358', time: '2018-11-14T08:25:53'
System info: host: 'miecio-Vostro-5470', ip: '127.0.1.1', os.name: 'Linux', os.arch: 'amd64', os.version: '5.4.0-48-generic', java.version: '11.0.8'
Driver info: org.openqa.selenium.firefox.FirefoxDriver
Capabilities {acceptInsecureCerts: true, browserName: firefox, browserVersion: 81.0, javascriptEnabled: true, moz:accessibilityChecks: false, moz:buildID: 20200917005511, moz:geckodriverVersion: 0.27.0, moz:headless: false, moz:processID: 444619, moz:profile: /tmp/rust_mozprofileTjLg85, moz:shutdownTimeout: 60000, moz:useNonSpecCompliantPointerOrigin: false, moz:webdriverClick: true, pageLoadStrategy: normal, platform: LINUX, platformName: LINUX, platformVersion: 5.4.0-48-generic, rotatable: false, setWindowRect: true, strictFileInteractability: false, timeouts: {implicit: 0, pageLoad: 300000, script: 30000}, unhandledPromptBehavior: dismiss and notify}
Session ID: c2ecb3e7-36fb-4bb8-a2cf-e28f82ccfe7c
at java.base/jdk.internal.reflect.NativeConstructorAccessorImpl.newInstance0(Native Method)
at java.base/jdk.internal.reflect.NativeConstructorAccessorImpl.newInstance(NativeConstructorAccessorImpl.java:62)
at java.base/jdk.internal.reflect.DelegatingConstructorAccessorImpl.newInstance(DelegatingConstructorAccessorImpl.java:45)
at java.base/java.lang.reflect.Constructor.newInstance(Constructor.java:490)
at org.openqa.selenium.remote.http.W3CHttpResponseCodec.createException(W3CHttpResponseCodec.java:187)
at org.openqa.selenium.remote.http.W3CHttpResponseCodec.decode(W3CHttpResponseCodec.java:122)
at org.openqa.selenium.remote.http.W3CHttpResponseCodec.decode(W3CHttpResponseCodec.java:49)
at org.openqa.selenium.remote.HttpCommandExecutor.execute(HttpCommandExecutor.java:158)
at org.openqa.selenium.remote.service.DriverCommandExecutor.execute(DriverCommandExecutor.java:83)
at org.openqa.selenium.remote.RemoteWebDriver.execute(RemoteWebDriver.java:552)
at org.openqa.selenium.remote.RemoteWebDriver.get(RemoteWebDriver.java:277)
at br.com.mantisprova.base2.firefox.E2eReportIssueAction.inserirReportIssue(E2eReportIssueAction.java:52)
at java.base/jdk.internal.reflect.NativeMethodAccessorImpl.invoke0(Native Method)
at java.base/jdk.internal.reflect.NativeMethodAccessorImpl.invoke(NativeMethodAccessorImpl.java:62)
at java.base/jdk.internal.reflect.DelegatingMethodAccessorImpl.invoke(DelegatingMethodAccessorImpl.java:43)
at java.base/java.lang.reflect.Method.invoke(Method.java:566)
at org.testng.internal.MethodInvocationHelper.invokeMethod(MethodInvocationHelper.java:132)
at org.testng.internal.TestInvoker.invokeMethod(TestInvoker.java:599)
at org.testng.internal.TestInvoker.invokeTestMethod(TestInvoker.java:174)
at org.testng.internal.MethodRunner.runInSequence(MethodRunner.java:46)
at org.testng.internal.TestInvoker$MethodInvocationAgent.invoke(TestInvoker.java:822)
at org.testng.internal.TestInvoker.invokeTestMethods(TestInvoker.java:147)
at org.testng.internal.TestMethodWorker.invokeTestMethods(TestMethodWorker.java:146)
at org.testng.internal.TestMethodWorker.run(TestMethodWorker.java:128)
at java.base/java.util.concurrent.ThreadPoolExecutor.runWorker(ThreadPoolExecutor.java:1128)
at java.base/java.util.concurrent.ThreadPoolExecutor$Worker.run(ThreadPoolExecutor.java:628)
at java.base/java.lang.Thread.run(Thread.java:834)
]]>
            </full-stacktrace>
          </exception> <!-- org.openqa.selenium.TimeoutException -->
          <reporter-output>
          </reporter-output>
        </test-method> <!-- inserirReportIssue -->
      </class> <!-- br.com.mantisprova.base2.firefox.E2eReportIssueAction -->
      <class name="br.com.mantisprova.base2.chrome.E2eReportIssueAction">
        <test-method is-config="true" signature="start()[pri:0, instance:br.com.mantisprova.base2.chrome.E2eReportIssueAction@266374ef]" started-at="2020-10-13T00:55:44 BRT" name="start" finished-at="2020-10-13T00:55:44 BRT" duration-ms="0" status="PASS">
          <reporter-output>
          </reporter-output>
        </test-method> <!-- start -->
        <test-method signature="inserirReportIssue()[pri:0, instance:br.com.mantisprova.base2.chrome.E2eReportIssueAction@266374ef]" started-at="2020-10-13T00:55:44 BRT" name="inserirReportIssue" finished-at="2020-10-13T00:56:10 BRT" duration-ms="26027" status="PASS">
          <reporter-output>
          </reporter-output>
        </test-method> <!-- inserirReportIssue -->
      </class> <!-- br.com.mantisprova.base2.chrome.E2eReportIssueAction -->
    </test> <!-- Test_All2 -->
  </suite> <!-- Suite_All -->
</testng-results>
