<?xml version="1.0" encoding="UTF-8"?>
<testng-results ignored="0" total="5" passed="5" failed="0" skipped="0">
  <reporter-output>
  </reporter-output>
  <suite started-at="2020-10-12T21:52:33 BRT" name="Suite_git" finished-at="2020-10-12T21:53:44 BRT" duration-ms="70291">
    <groups>
    </groups>
    <test started-at="2020-10-12T21:52:33 BRT" name="Test" finished-at="2020-10-12T21:53:44 BRT" duration-ms="70291">
      <class name="br.com.mantisprova.base2.firefox.ReportIssueActionTest">
        <test-method is-config="true" signature="start()[pri:0, instance:br.com.mantisprova.base2.firefox.ReportIssueActionTest@157853da]" started-at="2020-10-12T21:52:33 BRT" name="start" finished-at="2020-10-12T21:52:33 BRT" duration-ms="10" status="PASS">
          <reporter-output>
          </reporter-output>
        </test-method> <!-- start -->
        <test-method signature="inserirReportIssueFF()[pri:0, instance:br.com.mantisprova.base2.firefox.ReportIssueActionTest@157853da]" started-at="2020-10-12T21:52:33 BRT" name="inserirReportIssueFF" finished-at="2020-10-12T21:53:01 BRT" duration-ms="27126" status="PASS">
          <reporter-output>
          </reporter-output>
        </test-method> <!-- inserirReportIssueFF -->
        <test-method signature="inserirReportIssueFF()[pri:0, instance:br.com.mantisprova.base2.firefox.ReportIssueActionTest@157853da]" started-at="2020-10-12T21:53:01 BRT" name="inserirReportIssueFF" finished-at="2020-10-12T21:53:44 BRT" duration-ms="43040" status="PASS">
          <reporter-output>
          </reporter-output>
        </test-method> <!-- inserirReportIssueFF -->
      </class> <!-- br.com.mantisprova.base2.firefox.ReportIssueActionTest -->
      <class name="br.com.mantisprova.base2.firefox.LoginActionFirefox">
        <test-method is-config="true" signature="startFf()[pri:0, instance:br.com.mantisprova.base2.firefox.LoginActionFirefox@28975c28]" started-at="2020-10-12T21:52:33 BRT" name="startFf" finished-at="2020-10-12T21:52:33 BRT" duration-ms="12" status="PASS">
          <reporter-output>
          </reporter-output>
        </test-method> <!-- startFf -->
        <test-method signature="loginFfBackEnd()[pri:0, instance:br.com.mantisprova.base2.firefox.LoginActionFirefox@28975c28]" started-at="2020-10-12T21:52:33 BRT" name="loginFfBackEnd" finished-at="2020-10-12T21:52:53 BRT" duration-ms="19675" status="PASS">
          <reporter-output>
          </reporter-output>
        </test-method> <!-- loginFfBackEnd -->
      </class> <!-- br.com.mantisprova.base2.firefox.LoginActionFirefox -->
      <class name="br.com.mantisprova.base2.chrome.LoginActionChrome">
        <test-method is-config="true" signature="startCr()[pri:0, instance:br.com.mantisprova.base2.chrome.LoginActionChrome@3943a2be]" started-at="2020-10-12T21:52:33 BRT" name="startCr" finished-at="2020-10-12T21:52:33 BRT" duration-ms="13" status="PASS">
          <reporter-output>
          </reporter-output>
        </test-method> <!-- startCr -->
        <test-method signature="loginChromeBackEnd()[pri:0, instance:br.com.mantisprova.base2.chrome.LoginActionChrome@3943a2be]" started-at="2020-10-12T21:52:33 BRT" name="loginChromeBackEnd" finished-at="2020-10-12T21:52:44 BRT" duration-ms="10847" status="PASS">
          <reporter-output>
          </reporter-output>
        </test-method> <!-- loginChromeBackEnd -->
      </class> <!-- br.com.mantisprova.base2.chrome.LoginActionChrome -->
      <class name="br.com.mantisprova.base2.chrome.ReportIssueActionTest">
        <test-method is-config="true" signature="start()[pri:0, instance:br.com.mantisprova.base2.chrome.ReportIssueActionTest@343570b7]" started-at="2020-10-12T21:52:33 BRT" name="start" finished-at="2020-10-12T21:52:33 BRT" duration-ms="12" status="PASS">
          <reporter-output>
          </reporter-output>
        </test-method> <!-- start -->
        <test-method signature="inserirReportIssueCrm()[pri:0, instance:br.com.mantisprova.base2.chrome.ReportIssueActionTest@343570b7]" started-at="2020-10-12T21:52:33 BRT" name="inserirReportIssueCrm" finished-at="2020-10-12T21:52:52 BRT" duration-ms="18289" status="PASS">
          <reporter-output>
          </reporter-output>
        </test-method> <!-- inserirReportIssueCrm -->
      </class> <!-- br.com.mantisprova.base2.chrome.ReportIssueActionTest -->
    </test> <!-- Test -->
  </suite> <!-- Suite_git -->
</testng-results>
