<?xml version="1.0" encoding="UTF-8"?>
<!-- Generated by org.testng.reporters.JUnitXMLReporter -->
<testsuite ignored="0" hostname="miecio-Vostro-5470" failures="0" tests="2" name="e2eTest" time="24.716" errors="0" timestamp="2020-10-12T22:47:17 BRT">
  <testcase classname="br.com.mantisprova.base2.chrome.E2eReportIssueAction" name="inserirReportIssue" time="13.345"/>
  <testcase classname="br.com.mantisprova.base2.firefox.E2eReportIssueAction" name="inserirReportIssue" time="24.62"/>
</testsuite> <!-- e2eTest -->
