<?xml version="1.0" encoding="UTF-8"?>
<!-- Generated by org.testng.reporters.JUnitXMLReporter -->
<testsuite ignored="0" hostname="miecio-Vostro-5470" failures="0" tests="2" name="Test_All2" time="76.335" errors="0" timestamp="2020-10-12T22:55:16 BRT">
  <testcase classname="br.com.mantisprova.base2.chrome.E2eReportIssueAction" name="inserirReportIssue" time="40.892"/>
  <testcase classname="br.com.mantisprova.base2.firefox.E2eReportIssueAction" name="inserirReportIssue" time="35.435"/>
</testsuite> <!-- Test_All2 -->
