<?xml version="1.0" encoding="UTF-8"?>
<!-- Generated by org.testng.reporters.JUnitXMLReporter -->
<testsuite ignored="0" hostname="miecio-Vostro-5470" failures="0" tests="2" name="Test_All1" time="85.291" errors="0" timestamp="2020-10-13T00:55:44 BRT">
  <testcase classname="br.com.mantisprova.base2.chrome.ReportIssueActionTest" name="inserirReportIssueCrm" time="37.113"/>
  <testcase classname="br.com.mantisprova.base2.firefox.ReportIssueActionTest" name="inserirReportIssueFF" time="47.933"/>
</testsuite> <!-- Test_All1 -->
