<?xml version="1.0" encoding="UTF-8"?>
<!-- Generated by org.testng.reporters.JUnitXMLReporter -->
<testsuite ignored="0" hostname="miecio-Vostro-5470" failures="0" tests="2" name="Default test" time="32.335" errors="0" timestamp="2020-10-12T14:06:35 BRT">
  <testcase classname="br.com.mantisprova.base2.login.LoginActionBackEnd" name="loginChromeBackEnd" time="19.751"/>
  <testcase classname="br.com.mantisprova.base2.login.LoginActionBackEnd" name="loginFfBackEnd" time="12.479"/>
</testsuite> <!-- Default test -->
