<?xml version="1.0" encoding="UTF-8"?>
<!-- Generated by org.testng.reporters.JUnitXMLReporter -->
<testsuite ignored="0" hostname="miecio-Vostro-5470" failures="0" tests="5" name="Test" time="70.291" errors="0" timestamp="2020-10-12T21:53:44 BRT">
  <testcase classname="br.com.mantisprova.base2.chrome.LoginActionChrome" name="loginChromeBackEnd" time="10.847"/>
  <testcase classname="br.com.mantisprova.base2.chrome.ReportIssueActionTest" name="inserirReportIssueCrm" time="18.289"/>
  <testcase classname="br.com.mantisprova.base2.firefox.LoginActionFirefox" name="loginFfBackEnd" time="19.675"/>
  <testcase classname="br.com.mantisprova.base2.firefox.ReportIssueActionTest" name="inserirReportIssueFF" time="27.126"/>
  <testcase classname="br.com.mantisprova.base2.firefox.ReportIssueActionTest" name="inserirReportIssueFF" time="43.04"/>
</testsuite> <!-- Test -->
